mode: set
github.com/absfs/boltfs/boltfs.go:40.65,43.43 1 1
github.com/absfs/boltfs/boltfs.go:43.43,45.3 1 1
github.com/absfs/boltfs/boltfs.go:46.2,46.16 1 1
github.com/absfs/boltfs/boltfs.go:46.16,48.3 1 0
github.com/absfs/boltfs/boltfs.go:51.2,60.42 3 1
github.com/absfs/boltfs/boltfs.go:60.42,62.17 2 1
github.com/absfs/boltfs/boltfs.go:62.17,64.4 1 0
github.com/absfs/boltfs/boltfs.go:65.3,69.17 3 1
github.com/absfs/boltfs/boltfs.go:69.17,71.4 1 0
github.com/absfs/boltfs/boltfs.go:74.3,77.17 4 1
github.com/absfs/boltfs/boltfs.go:77.17,79.4 1 0
github.com/absfs/boltfs/boltfs.go:82.3,83.17 2 1
github.com/absfs/boltfs/boltfs.go:83.17,85.4 1 0
github.com/absfs/boltfs/boltfs.go:86.3,89.17 3 1
github.com/absfs/boltfs/boltfs.go:89.17,91.4 1 1
github.com/absfs/boltfs/boltfs.go:93.3,93.28 1 0
github.com/absfs/boltfs/boltfs.go:93.28,97.18 4 0
github.com/absfs/boltfs/boltfs.go:97.18,100.5 1 0
github.com/absfs/boltfs/boltfs.go:102.3,102.13 1 0
github.com/absfs/boltfs/boltfs.go:104.2,104.16 1 1
github.com/absfs/boltfs/boltfs.go:104.16,106.3 1 0
github.com/absfs/boltfs/boltfs.go:107.2,108.16 2 1
github.com/absfs/boltfs/boltfs.go:117.57,121.16 2 1
github.com/absfs/boltfs/boltfs.go:121.16,123.3 1 0
github.com/absfs/boltfs/boltfs.go:126.2,126.42 1 1
github.com/absfs/boltfs/boltfs.go:126.42,128.3 1 1
github.com/absfs/boltfs/boltfs.go:129.2,129.16 1 1
github.com/absfs/boltfs/boltfs.go:129.16,131.3 1 0
github.com/absfs/boltfs/boltfs.go:133.2,144.42 3 1
github.com/absfs/boltfs/boltfs.go:144.42,146.17 2 1
github.com/absfs/boltfs/boltfs.go:146.17,148.4 1 0
github.com/absfs/boltfs/boltfs.go:151.3,152.17 2 1
github.com/absfs/boltfs/boltfs.go:152.17,154.4 1 0
github.com/absfs/boltfs/boltfs.go:157.3,158.17 2 1
github.com/absfs/boltfs/boltfs.go:158.17,160.4 1 1
github.com/absfs/boltfs/boltfs.go:161.3,162.17 2 1
github.com/absfs/boltfs/boltfs.go:162.17,166.4 3 0
github.com/absfs/boltfs/boltfs.go:168.3,168.13 1 1
github.com/absfs/boltfs/boltfs.go:170.2,170.16 1 1
github.com/absfs/boltfs/boltfs.go:170.16,172.3 1 0
github.com/absfs/boltfs/boltfs.go:174.2,175.16 2 1
github.com/absfs/boltfs/boltfs.go:179.37,181.2 1 1
github.com/absfs/boltfs/boltfs.go:187.64,189.2 1 1
github.com/absfs/boltfs/boltfs.go:193.106,195.16 2 1
github.com/absfs/boltfs/boltfs.go:195.16,197.3 1 0
github.com/absfs/boltfs/boltfs.go:198.2,199.16 2 1
github.com/absfs/boltfs/boltfs.go:204.98,206.16 2 1
github.com/absfs/boltfs/boltfs.go:206.16,208.3 1 0
github.com/absfs/boltfs/boltfs.go:209.2,210.16 2 1
github.com/absfs/boltfs/boltfs.go:215.68,217.16 2 1
github.com/absfs/boltfs/boltfs.go:217.16,219.3 1 0
github.com/absfs/boltfs/boltfs.go:220.2,220.29 1 1
github.com/absfs/boltfs/boltfs.go:225.77,227.16 2 1
github.com/absfs/boltfs/boltfs.go:227.16,229.3 1 0
github.com/absfs/boltfs/boltfs.go:230.2,230.48 1 1
github.com/absfs/boltfs/boltfs.go:234.47,235.21 1 1
github.com/absfs/boltfs/boltfs.go:235.21,237.3 1 0
github.com/absfs/boltfs/boltfs.go:238.2,238.25 1 1
github.com/absfs/boltfs/boltfs.go:242.36,243.21 1 1
github.com/absfs/boltfs/boltfs.go:243.21,245.3 1 1
github.com/absfs/boltfs/boltfs.go:250.46,251.21 1 1
github.com/absfs/boltfs/boltfs.go:251.21,253.3 1 1
github.com/absfs/boltfs/boltfs.go:258.43,260.44 2 1
github.com/absfs/boltfs/boltfs.go:260.44,262.17 2 1
github.com/absfs/boltfs/boltfs.go:262.17,264.4 1 0
github.com/absfs/boltfs/boltfs.go:265.3,266.17 2 1
github.com/absfs/boltfs/boltfs.go:266.17,268.4 1 1
github.com/absfs/boltfs/boltfs.go:269.3,270.13 2 1
github.com/absfs/boltfs/boltfs.go:272.2,272.16 1 1
github.com/absfs/boltfs/boltfs.go:272.16,275.3 1 1
github.com/absfs/boltfs/boltfs.go:277.2,277.14 1 1
github.com/absfs/boltfs/boltfs.go:281.51,284.46 2 1
github.com/absfs/boltfs/boltfs.go:284.46,286.17 2 1
github.com/absfs/boltfs/boltfs.go:286.17,288.4 1 0
github.com/absfs/boltfs/boltfs.go:290.3,291.33 2 1
github.com/absfs/boltfs/boltfs.go:293.2,293.16 1 1
github.com/absfs/boltfs/boltfs.go:293.16,297.3 1 0
github.com/absfs/boltfs/boltfs.go:302.40,305.46 3 1
github.com/absfs/boltfs/boltfs.go:305.46,307.17 2 1
github.com/absfs/boltfs/boltfs.go:307.17,309.4 1 0
github.com/absfs/boltfs/boltfs.go:310.3,311.32 2 1
github.com/absfs/boltfs/boltfs.go:311.32,314.4 2 1
github.com/absfs/boltfs/boltfs.go:315.3,315.43 1 1
github.com/absfs/boltfs/boltfs.go:317.2,317.16 1 1
github.com/absfs/boltfs/boltfs.go:317.16,320.3 1 0
github.com/absfs/boltfs/boltfs.go:322.2,322.16 1 1
github.com/absfs/boltfs/boltfs.go:327.50,329.43 1 1
github.com/absfs/boltfs/boltfs.go:329.43,331.17 2 1
github.com/absfs/boltfs/boltfs.go:331.17,333.4 1 0
github.com/absfs/boltfs/boltfs.go:334.3,334.43 1 1
github.com/absfs/boltfs/boltfs.go:342.70,344.45 2 1
github.com/absfs/boltfs/boltfs.go:344.45,346.17 2 1
github.com/absfs/boltfs/boltfs.go:346.17,348.4 1 0
github.com/absfs/boltfs/boltfs.go:350.3,350.15 1 1
github.com/absfs/boltfs/boltfs.go:350.15,352.4 1 1
github.com/absfs/boltfs/boltfs.go:353.3,353.17 1 1
github.com/absfs/boltfs/boltfs.go:353.17,355.4 1 0
github.com/absfs/boltfs/boltfs.go:356.3,356.31 1 1
github.com/absfs/boltfs/boltfs.go:359.2,359.17 1 1
github.com/absfs/boltfs/boltfs.go:363.75,367.16 4 1
github.com/absfs/boltfs/boltfs.go:367.16,369.3 1 0
github.com/absfs/boltfs/boltfs.go:371.2,371.19 1 1
github.com/absfs/boltfs/boltfs.go:371.19,373.3 1 0
github.com/absfs/boltfs/boltfs.go:375.2,376.38 2 1
github.com/absfs/boltfs/boltfs.go:376.38,378.17 2 1
github.com/absfs/boltfs/boltfs.go:378.17,380.4 1 0
github.com/absfs/boltfs/boltfs.go:381.3,384.5 1 1
github.com/absfs/boltfs/boltfs.go:387.2,387.21 1 1
github.com/absfs/boltfs/boltfs.go:391.61,395.16 4 1
github.com/absfs/boltfs/boltfs.go:395.16,397.3 1 0
github.com/absfs/boltfs/boltfs.go:399.2,399.18 1 1
github.com/absfs/boltfs/boltfs.go:399.18,401.3 1 0
github.com/absfs/boltfs/boltfs.go:403.2,404.16 2 1
github.com/absfs/boltfs/boltfs.go:404.16,406.3 1 0
github.com/absfs/boltfs/boltfs.go:408.2,408.18 1 1
github.com/absfs/boltfs/boltfs.go:412.54,416.16 4 1
github.com/absfs/boltfs/boltfs.go:416.16,418.3 1 0
github.com/absfs/boltfs/boltfs.go:420.2,420.19 1 1
github.com/absfs/boltfs/boltfs.go:420.19,422.3 1 1
github.com/absfs/boltfs/boltfs.go:425.2,425.65 1 1
github.com/absfs/boltfs/boltfs.go:434.34,436.2 1 1
github.com/absfs/boltfs/boltfs.go:438.33,440.2 1 1
github.com/absfs/boltfs/boltfs.go:442.39,444.2 1 1
github.com/absfs/boltfs/boltfs.go:446.48,448.2 1 1
github.com/absfs/boltfs/boltfs.go:456.46,460.2 2 1
github.com/absfs/boltfs/boltfs.go:462.87,464.2 1 0
github.com/absfs/boltfs/boltfs.go:466.60,468.2 1 0
github.com/absfs/boltfs/boltfs.go:470.43,472.2 1 0
github.com/absfs/boltfs/boltfs.go:474.55,476.2 1 0
github.com/absfs/boltfs/boltfs.go:478.56,480.2 1 1
github.com/absfs/boltfs/boltfs.go:482.60,484.2 1 0
github.com/absfs/boltfs/boltfs.go:486.78,488.2 1 0
github.com/absfs/boltfs/boltfs.go:490.56,492.2 1 0
github.com/absfs/boltfs/boltfs.go:494.61,496.2 1 0
github.com/absfs/boltfs/boltfs.go:498.55,500.2 1 1
github.com/absfs/boltfs/boltfs.go:502.48,505.16 3 0
github.com/absfs/boltfs/boltfs.go:505.16,507.3 1 0
github.com/absfs/boltfs/boltfs.go:508.2,508.19 1 0
github.com/absfs/boltfs/boltfs.go:508.19,510.3 1 0
github.com/absfs/boltfs/boltfs.go:511.2,511.73 1 0
github.com/absfs/boltfs/boltfs.go:519.35,523.2 2 1
github.com/absfs/boltfs/boltfs.go:526.61,527.14 1 1
github.com/absfs/boltfs/boltfs.go:527.14,529.3 1 0
github.com/absfs/boltfs/boltfs.go:531.2,532.44 2 1
github.com/absfs/boltfs/boltfs.go:532.44,534.17 2 1
github.com/absfs/boltfs/boltfs.go:534.17,536.4 1 0
github.com/absfs/boltfs/boltfs.go:537.3,537.41 1 1
github.com/absfs/boltfs/boltfs.go:540.2,540.18 1 1
github.com/absfs/boltfs/boltfs.go:544.63,545.14 1 1
github.com/absfs/boltfs/boltfs.go:545.14,547.3 1 0
github.com/absfs/boltfs/boltfs.go:550.2,550.25 1 1
github.com/absfs/boltfs/boltfs.go:550.25,555.58 3 1
github.com/absfs/boltfs/boltfs.go:555.58,557.4 1 0
github.com/absfs/boltfs/boltfs.go:560.3,561.17 2 1
github.com/absfs/boltfs/boltfs.go:561.17,563.4 1 0
github.com/absfs/boltfs/boltfs.go:564.3,566.42 2 1
github.com/absfs/boltfs/boltfs.go:566.42,568.4 1 0
github.com/absfs/boltfs/boltfs.go:570.3,570.13 1 1
github.com/absfs/boltfs/boltfs.go:573.2,573.46 1 1
github.com/absfs/boltfs/boltfs.go:573.46,575.17 2 1
github.com/absfs/boltfs/boltfs.go:575.17,577.4 1 0
github.com/absfs/boltfs/boltfs.go:578.3,578.36 1 1
github.com/absfs/boltfs/boltfs.go:583.60,584.14 1 1
github.com/absfs/boltfs/boltfs.go:584.14,586.3 1 0
github.com/absfs/boltfs/boltfs.go:589.2,589.25 1 1
github.com/absfs/boltfs/boltfs.go:589.25,593.17 3 1
github.com/absfs/boltfs/boltfs.go:593.17,594.26 1 1
github.com/absfs/boltfs/boltfs.go:594.26,596.5 1 1
github.com/absfs/boltfs/boltfs.go:597.4,597.58 1 0
github.com/absfs/boltfs/boltfs.go:599.3,602.17 3 1
github.com/absfs/boltfs/boltfs.go:602.17,604.4 1 0
github.com/absfs/boltfs/boltfs.go:606.3,606.19 1 1
github.com/absfs/boltfs/boltfs.go:609.2,610.44 2 1
github.com/absfs/boltfs/boltfs.go:610.44,612.17 2 1
github.com/absfs/boltfs/boltfs.go:612.17,614.4 1 0
github.com/absfs/boltfs/boltfs.go:615.3,616.15 2 1
github.com/absfs/boltfs/boltfs.go:616.15,618.4 1 1
github.com/absfs/boltfs/boltfs.go:619.3,621.13 3 1
github.com/absfs/boltfs/boltfs.go:623.2,623.16 1 1
github.com/absfs/boltfs/boltfs.go:623.16,625.3 1 0
github.com/absfs/boltfs/boltfs.go:627.2,627.18 1 1
github.com/absfs/boltfs/boltfs.go:632.63,634.20 2 1
github.com/absfs/boltfs/boltfs.go:634.20,636.3 1 1
github.com/absfs/boltfs/boltfs.go:637.2,639.22 3 1
github.com/absfs/boltfs/boltfs.go:647.61,649.20 2 1
github.com/absfs/boltfs/boltfs.go:649.20,652.3 2 0
github.com/absfs/boltfs/boltfs.go:654.2,659.22 5 1
github.com/absfs/boltfs/boltfs.go:659.22,663.3 3 0
github.com/absfs/boltfs/boltfs.go:664.2,664.21 1 1
github.com/absfs/boltfs/boltfs.go:664.21,668.3 3 0
github.com/absfs/boltfs/boltfs.go:669.2,669.22 1 1
github.com/absfs/boltfs/boltfs.go:669.22,673.3 3 0
github.com/absfs/boltfs/boltfs.go:674.2,674.21 1 1
github.com/absfs/boltfs/boltfs.go:674.21,678.3 3 0
github.com/absfs/boltfs/boltfs.go:681.2,685.16 3 1
github.com/absfs/boltfs/boltfs.go:685.16,688.3 2 0
github.com/absfs/boltfs/boltfs.go:691.2,691.13 1 1
github.com/absfs/boltfs/boltfs.go:691.13,693.17 2 1
github.com/absfs/boltfs/boltfs.go:693.17,696.4 2 0
github.com/absfs/boltfs/boltfs.go:697.3,698.17 2 1
github.com/absfs/boltfs/boltfs.go:698.17,701.4 2 0
github.com/absfs/boltfs/boltfs.go:702.8,705.17 2 1
github.com/absfs/boltfs/boltfs.go:705.17,708.4 2 0
github.com/absfs/boltfs/boltfs.go:710.3,711.17 2 1
github.com/absfs/boltfs/boltfs.go:711.17,714.4 2 0
github.com/absfs/boltfs/boltfs.go:716.3,717.17 2 1
github.com/absfs/boltfs/boltfs.go:717.17,720.4 2 0
github.com/absfs/boltfs/boltfs.go:723.2,723.21 1 1
github.com/absfs/boltfs/boltfs.go:723.21,725.3 1 0
github.com/absfs/boltfs/boltfs.go:727.2,727.12 1 1
github.com/absfs/boltfs/boltfs.go:732.62,734.19 2 1
github.com/absfs/boltfs/boltfs.go:734.19,737.3 2 0
github.com/absfs/boltfs/boltfs.go:739.2,744.22 5 1
github.com/absfs/boltfs/boltfs.go:744.22,748.3 3 0
github.com/absfs/boltfs/boltfs.go:749.2,749.21 1 1
github.com/absfs/boltfs/boltfs.go:749.21,753.3 3 0
github.com/absfs/boltfs/boltfs.go:754.2,754.21 1 1
github.com/absfs/boltfs/boltfs.go:754.21,758.3 3 0
github.com/absfs/boltfs/boltfs.go:760.2,764.16 4 1
github.com/absfs/boltfs/boltfs.go:764.16,767.3 2 0
github.com/absfs/boltfs/boltfs.go:769.2,770.16 2 1
github.com/absfs/boltfs/boltfs.go:770.16,773.3 2 0
github.com/absfs/boltfs/boltfs.go:775.2,776.16 2 1
github.com/absfs/boltfs/boltfs.go:776.16,779.3 2 0
github.com/absfs/boltfs/boltfs.go:781.2,782.16 2 1
github.com/absfs/boltfs/boltfs.go:782.16,785.3 2 0
github.com/absfs/boltfs/boltfs.go:787.2,787.12 1 1
github.com/absfs/boltfs/boltfs.go:792.48,795.16 3 1
github.com/absfs/boltfs/boltfs.go:795.16,797.3 1 1
github.com/absfs/boltfs/boltfs.go:798.2,799.12 2 1
github.com/absfs/boltfs/boltfs.go:803.55,805.2 1 1
github.com/absfs/boltfs/boltfs.go:808.61,810.2 1 1
github.com/absfs/boltfs/boltfs.go:814.63,816.2 1 1
github.com/absfs/boltfs/boltfs.go:819.60,822.44 2 1
github.com/absfs/boltfs/boltfs.go:822.44,827.17 4 1
github.com/absfs/boltfs/boltfs.go:827.17,829.4 1 0
github.com/absfs/boltfs/boltfs.go:830.3,832.18 2 1
github.com/absfs/boltfs/boltfs.go:832.18,834.4 1 1
github.com/absfs/boltfs/boltfs.go:836.3,836.72 1 1
github.com/absfs/boltfs/boltfs.go:836.72,838.58 1 1
github.com/absfs/boltfs/boltfs.go:838.58,840.5 1 1
github.com/absfs/boltfs/boltfs.go:841.4,841.64 1 1
github.com/absfs/boltfs/boltfs.go:841.64,843.5 1 1
github.com/absfs/boltfs/boltfs.go:846.4,847.18 2 1
github.com/absfs/boltfs/boltfs.go:847.18,849.5 1 0
github.com/absfs/boltfs/boltfs.go:850.4,850.23 1 1
github.com/absfs/boltfs/boltfs.go:852.3,852.13 1 1
github.com/absfs/boltfs/boltfs.go:854.2,854.16 1 1
github.com/absfs/boltfs/boltfs.go:854.16,856.3 1 1
github.com/absfs/boltfs/boltfs.go:857.2,857.18 1 1
github.com/absfs/boltfs/boltfs.go:866.93,872.19 5 1
github.com/absfs/boltfs/boltfs.go:872.19,876.3 3 0
github.com/absfs/boltfs/boltfs.go:878.2,879.34 2 1
github.com/absfs/boltfs/boltfs.go:879.34,881.3 1 1
github.com/absfs/boltfs/boltfs.go:883.2,883.18 1 1
github.com/absfs/boltfs/boltfs.go:883.18,885.28 1 1
github.com/absfs/boltfs/boltfs.go:885.28,888.4 2 1
github.com/absfs/boltfs/boltfs.go:891.3,893.17 3 1
github.com/absfs/boltfs/boltfs.go:893.17,896.4 2 0
github.com/absfs/boltfs/boltfs.go:897.8,898.51 1 1
github.com/absfs/boltfs/boltfs.go:898.51,901.4 2 1
github.com/absfs/boltfs/boltfs.go:904.3,904.37 1 1
github.com/absfs/boltfs/boltfs.go:904.37,906.46 2 1
github.com/absfs/boltfs/boltfs.go:906.46,908.19 2 1
github.com/absfs/boltfs/boltfs.go:908.19,910.6 1 0
github.com/absfs/boltfs/boltfs.go:911.5,912.15 2 1
github.com/absfs/boltfs/boltfs.go:914.4,914.18 1 1
github.com/absfs/boltfs/boltfs.go:914.18,917.5 2 0
github.com/absfs/boltfs/boltfs.go:918.4,918.25 1 1
github.com/absfs/boltfs/boltfs.go:918.25,921.5 1 0
github.com/absfs/boltfs/boltfs.go:922.4,922.40 1 1
github.com/absfs/boltfs/boltfs.go:925.3,925.25 1 1
github.com/absfs/boltfs/boltfs.go:925.25,926.53 1 1
github.com/absfs/boltfs/boltfs.go:926.53,929.5 2 1
github.com/absfs/boltfs/boltfs.go:933.3,933.27 1 1
github.com/absfs/boltfs/boltfs.go:933.27,934.48 1 1
github.com/absfs/boltfs/boltfs.go:934.48,936.19 2 1
github.com/absfs/boltfs/boltfs.go:936.19,938.6 1 0
github.com/absfs/boltfs/boltfs.go:939.5,939.48 1 1
github.com/absfs/boltfs/boltfs.go:941.4,941.18 1 1
github.com/absfs/boltfs/boltfs.go:941.18,944.5 2 0
github.com/absfs/boltfs/boltfs.go:948.2,948.27 1 1
github.com/absfs/boltfs/boltfs.go:948.27,951.75 1 1
github.com/absfs/boltfs/boltfs.go:951.75,954.4 2 0
github.com/absfs/boltfs/boltfs.go:956.2,956.65 1 1
github.com/absfs/boltfs/boltfs.go:961.62,963.2 1 1
github.com/absfs/boltfs/boltfs.go:969.82,970.29 1 1
github.com/absfs/boltfs/boltfs.go:970.29,972.3 1 1
github.com/absfs/boltfs/boltfs.go:974.2,976.16 3 1
github.com/absfs/boltfs/boltfs.go:976.16,978.3 1 1
github.com/absfs/boltfs/boltfs.go:980.2,980.35 1 1
github.com/absfs/boltfs/boltfs.go:980.35,981.21 1 1
github.com/absfs/boltfs/boltfs.go:981.21,983.4 1 1
github.com/absfs/boltfs/boltfs.go:984.3,984.40 1 1
github.com/absfs/boltfs/boltfs.go:991.2,992.43 2 1
github.com/absfs/boltfs/boltfs.go:992.43,994.17 2 1
github.com/absfs/boltfs/boltfs.go:994.17,996.4 1 0
github.com/absfs/boltfs/boltfs.go:997.3,998.13 2 1
github.com/absfs/boltfs/boltfs.go:1000.2,1000.16 1 1
github.com/absfs/boltfs/boltfs.go:1000.16,1002.3 1 0
github.com/absfs/boltfs/boltfs.go:1004.2,1004.23 1 1
github.com/absfs/boltfs/boltfs.go:1004.23,1007.3 1 1
github.com/absfs/boltfs/boltfs.go:1009.2,1009.40 1 1
github.com/absfs/boltfs/boltfs.go:1014.63,1018.16 4 1
github.com/absfs/boltfs/boltfs.go:1018.16,1019.28 1 1
github.com/absfs/boltfs/boltfs.go:1019.28,1021.4 1 0
github.com/absfs/boltfs/boltfs.go:1022.3,1023.17 2 1
github.com/absfs/boltfs/boltfs.go:1023.17,1025.4 1 0
github.com/absfs/boltfs/boltfs.go:1026.3,1028.17 3 1
github.com/absfs/boltfs/boltfs.go:1028.17,1030.4 1 0
github.com/absfs/boltfs/boltfs.go:1033.2,1033.46 1 1
github.com/absfs/boltfs/boltfs.go:1033.46,1035.17 2 1
github.com/absfs/boltfs/boltfs.go:1035.17,1037.4 1 0
github.com/absfs/boltfs/boltfs.go:1040.3,1042.17 3 1
github.com/absfs/boltfs/boltfs.go:1042.17,1044.4 1 0
github.com/absfs/boltfs/boltfs.go:1047.3,1051.18 4 1
github.com/absfs/boltfs/boltfs.go:1051.18,1053.4 1 1
github.com/absfs/boltfs/boltfs.go:1055.3,1055.28 1 1
github.com/absfs/boltfs/boltfs.go:1062.78,1063.15 1 1
github.com/absfs/boltfs/boltfs.go:1063.15,1064.35 1 0
github.com/absfs/boltfs/boltfs.go:1066.2,1068.34 2 1
github.com/absfs/boltfs/boltfs.go:1068.34,1070.17 2 1
github.com/absfs/boltfs/boltfs.go:1070.17,1072.4 1 0
github.com/absfs/boltfs/boltfs.go:1073.3,1073.19 1 1
github.com/absfs/boltfs/boltfs.go:1076.2,1077.16 2 1
github.com/absfs/boltfs/boltfs.go:1077.16,1079.3 1 0
github.com/absfs/boltfs/boltfs.go:1081.2,1081.37 1 1
github.com/absfs/boltfs/boltfs.go:1081.37,1083.3 1 0
github.com/absfs/boltfs/boltfs.go:1085.2,1085.58 1 1
github.com/absfs/boltfs/boltfs.go:1085.58,1087.3 1 1
github.com/absfs/boltfs/boltfs.go:1088.2,1088.69 1 1
github.com/absfs/boltfs/boltfs.go:1088.69,1091.17 2 1
github.com/absfs/boltfs/boltfs.go:1091.17,1093.4 1 0
github.com/absfs/boltfs/boltfs.go:1094.3,1094.23 1 1
github.com/absfs/boltfs/boltfs.go:1098.2,1098.20 1 1
github.com/absfs/boltfs/boltfs.go:1101.91,1105.16 4 1
github.com/absfs/boltfs/boltfs.go:1105.16,1107.3 1 0
github.com/absfs/boltfs/boltfs.go:1108.2,1109.16 2 1
github.com/absfs/boltfs/boltfs.go:1109.16,1111.3 1 0
github.com/absfs/boltfs/boltfs.go:1112.2,1112.14 1 1
github.com/absfs/boltfs/boltfs.go:1112.14,1114.17 2 0
github.com/absfs/boltfs/boltfs.go:1114.17,1116.4 1 0
github.com/absfs/boltfs/boltfs.go:1117.3,1117.32 1 0
github.com/absfs/boltfs/boltfs.go:1117.32,1119.4 1 0
github.com/absfs/boltfs/boltfs.go:1120.3,1121.17 2 0
github.com/absfs/boltfs/boltfs.go:1121.17,1123.4 1 0
github.com/absfs/boltfs/boltfs.go:1126.2,1127.16 2 1
github.com/absfs/boltfs/boltfs.go:1127.16,1129.3 1 0
github.com/absfs/boltfs/boltfs.go:1130.2,1130.12 1 1
github.com/absfs/boltfs/boltfs.go:1133.53,1135.25 1 1
github.com/absfs/boltfs/boltfs.go:1135.25,1137.81 2 1
github.com/absfs/boltfs/boltfs.go:1137.81,1139.4 1 0
github.com/absfs/boltfs/boltfs.go:1142.2,1142.46 1 1
github.com/absfs/boltfs/boltfs.go:1142.46,1144.17 2 1
github.com/absfs/boltfs/boltfs.go:1144.17,1146.4 1 0
github.com/absfs/boltfs/boltfs.go:1147.3,1149.17 3 1
github.com/absfs/boltfs/boltfs.go:1149.17,1151.4 1 0
github.com/absfs/boltfs/boltfs.go:1153.3,1153.26 1 1
github.com/absfs/boltfs/boltfs.go:1153.26,1155.4 1 1
github.com/absfs/boltfs/boltfs.go:1156.3,1156.13 1 1
github.com/absfs/boltfs/boltfs.go:1158.2,1158.16 1 1
github.com/absfs/boltfs/boltfs.go:1158.16,1160.3 1 0
github.com/absfs/boltfs/boltfs.go:1161.2,1161.12 1 1
github.com/absfs/boltfs/boltfs.go:1166.66,1170.19 4 1
github.com/absfs/boltfs/boltfs.go:1170.19,1174.3 3 0
github.com/absfs/boltfs/boltfs.go:1175.2,1175.18 1 1
github.com/absfs/boltfs/boltfs.go:1175.18,1178.3 2 1
github.com/absfs/boltfs/boltfs.go:1180.2,1182.16 3 1
github.com/absfs/boltfs/boltfs.go:1182.16,1185.3 2 0
github.com/absfs/boltfs/boltfs.go:1186.2,1186.12 1 1
github.com/absfs/boltfs/boltfs.go:1193.69,1198.16 3 1
github.com/absfs/boltfs/boltfs.go:1198.16,1200.3 1 0
github.com/absfs/boltfs/boltfs.go:1202.2,1203.48 2 1
github.com/absfs/boltfs/boltfs.go:1203.48,1205.17 1 1
github.com/absfs/boltfs/boltfs.go:1205.17,1206.12 1 0
github.com/absfs/boltfs/boltfs.go:1208.3,1211.17 3 1
github.com/absfs/boltfs/boltfs.go:1211.17,1213.34 2 1
github.com/absfs/boltfs/boltfs.go:1213.34,1215.5 1 0
github.com/absfs/boltfs/boltfs.go:1219.2,1219.12 1 1
github.com/absfs/boltfs/boltfs.go:1224.49,1227.17 1 1
github.com/absfs/boltfs/boltfs.go:1227.17,1229.3 1 0
github.com/absfs/boltfs/boltfs.go:1231.2,1234.18 4 1
github.com/absfs/boltfs/boltfs.go:1234.18,1237.3 2 0
github.com/absfs/boltfs/boltfs.go:1239.2,1239.46 1 1
github.com/absfs/boltfs/boltfs.go:1239.46,1242.3 2 0
github.com/absfs/boltfs/boltfs.go:1244.2,1245.16 2 1
github.com/absfs/boltfs/boltfs.go:1245.16,1248.3 2 0
github.com/absfs/boltfs/boltfs.go:1250.2,1251.16 2 1
github.com/absfs/boltfs/boltfs.go:1251.16,1253.3 1 0
github.com/absfs/boltfs/boltfs.go:1255.2,1255.28 1 1
github.com/absfs/boltfs/boltfs.go:1255.28,1257.17 2 1
github.com/absfs/boltfs/boltfs.go:1257.17,1259.4 1 0
github.com/absfs/boltfs/boltfs.go:1260.3,1260.13 1 1
github.com/absfs/boltfs/boltfs.go:1262.2,1263.12 2 0
github.com/absfs/boltfs/boltfs.go:1269.52,1277.16 6 1
github.com/absfs/boltfs/boltfs.go:1277.16,1279.3 1 1
github.com/absfs/boltfs/boltfs.go:1284.2,1285.21 2 1
github.com/absfs/boltfs/boltfs.go:1285.21,1291.17 4 1
github.com/absfs/boltfs/boltfs.go:1291.17,1293.4 1 0
github.com/absfs/boltfs/boltfs.go:1294.3,1295.10 2 1
github.com/absfs/boltfs/boltfs.go:1295.10,1297.4 1 0
github.com/absfs/boltfs/boltfs.go:1298.3,1301.56 2 1
github.com/absfs/boltfs/boltfs.go:1301.56,1303.18 2 1
github.com/absfs/boltfs/boltfs.go:1303.18,1305.5 1 0
github.com/absfs/boltfs/boltfs.go:1306.4,1306.34 1 1
github.com/absfs/boltfs/boltfs.go:1306.34,1309.5 2 1
github.com/absfs/boltfs/boltfs.go:1313.2,1313.63 1 1
github.com/absfs/boltfs/boltfs.go:1313.63,1315.3 1 1
github.com/absfs/boltfs/boltfs.go:1319.2,1321.43 3 1
github.com/absfs/boltfs/boltfs.go:1321.43,1323.17 2 1
github.com/absfs/boltfs/boltfs.go:1323.17,1325.4 1 0
github.com/absfs/boltfs/boltfs.go:1326.3,1326.28 1 1
github.com/absfs/boltfs/boltfs.go:1326.28,1327.36 1 1
github.com/absfs/boltfs/boltfs.go:1327.36,1328.13 1 1
github.com/absfs/boltfs/boltfs.go:1330.4,1331.18 2 1
github.com/absfs/boltfs/boltfs.go:1331.18,1332.13 1 0
github.com/absfs/boltfs/boltfs.go:1335.4,1335.21 1 1
github.com/absfs/boltfs/boltfs.go:1335.21,1337.5 1 1
github.com/absfs/boltfs/boltfs.go:1339.3,1339.13 1 1
github.com/absfs/boltfs/boltfs.go:1341.2,1341.16 1 1
github.com/absfs/boltfs/boltfs.go:1341.16,1343.3 1 0
github.com/absfs/boltfs/boltfs.go:1345.2,1345.25 1 1
github.com/absfs/boltfs/boltfs.go:1345.25,1346.32 1 1
github.com/absfs/boltfs/boltfs.go:1346.32,1348.82 2 1
github.com/absfs/boltfs/boltfs.go:1348.82,1350.5 1 0
github.com/absfs/boltfs/boltfs.go:1354.2,1354.45 1 1
github.com/absfs/boltfs/boltfs.go:1354.45,1356.17 2 1
github.com/absfs/boltfs/boltfs.go:1356.17,1358.4 1 0
github.com/absfs/boltfs/boltfs.go:1360.3,1360.28 1 1
github.com/absfs/boltfs/boltfs.go:1360.28,1361.36 1 1
github.com/absfs/boltfs/boltfs.go:1361.36,1362.13 1 1
github.com/absfs/boltfs/boltfs.go:1364.4,1366.18 3 1
github.com/absfs/boltfs/boltfs.go:1366.18,1368.5 1 0
github.com/absfs/boltfs/boltfs.go:1370.4,1370.27 1 1
github.com/absfs/boltfs/boltfs.go:1370.27,1372.19 2 1
github.com/absfs/boltfs/boltfs.go:1372.19,1374.6 1 0
github.com/absfs/boltfs/boltfs.go:1377.3,1377.13 1 1
github.com/absfs/boltfs/boltfs.go:1379.2,1379.16 1 1
github.com/absfs/boltfs/boltfs.go:1379.16,1381.3 1 0
github.com/absfs/boltfs/boltfs.go:1384.2,1384.35 1 1
github.com/absfs/boltfs/boltfs.go:1384.35,1386.41 1 1
github.com/absfs/boltfs/boltfs.go:1386.41,1387.30 1 1
github.com/absfs/boltfs/boltfs.go:1387.30,1389.10 2 1
github.com/absfs/boltfs/boltfs.go:1393.3,1393.22 1 1
github.com/absfs/boltfs/boltfs.go:1393.22,1396.4 2 1
github.com/absfs/boltfs/boltfs.go:1397.3,1397.23 1 1
github.com/absfs/boltfs/boltfs.go:1398.8,1398.42 1 1
github.com/absfs/boltfs/boltfs.go:1398.42,1401.22 2 1
github.com/absfs/boltfs/boltfs.go:1401.22,1403.4 1 1
github.com/absfs/boltfs/boltfs.go:1404.3,1404.23 1 1
github.com/absfs/boltfs/boltfs.go:1407.2,1407.12 1 1
github.com/absfs/boltfs/boltfs.go:1411.84,1414.17 3 1
github.com/absfs/boltfs/boltfs.go:1414.17,1416.3 1 0
github.com/absfs/boltfs/boltfs.go:1418.2,1422.12 4 1
github.com/absfs/boltfs/boltfs.go:1426.62,1431.17 4 1
github.com/absfs/boltfs/boltfs.go:1431.17,1434.3 2 0
github.com/absfs/boltfs/boltfs.go:1436.2,1436.35 1 1
github.com/absfs/boltfs/boltfs.go:1436.35,1441.17 4 1
github.com/absfs/boltfs/boltfs.go:1441.17,1444.4 2 0
github.com/absfs/boltfs/boltfs.go:1445.3,1445.13 1 1
github.com/absfs/boltfs/boltfs.go:1447.2,1448.44 2 0
github.com/absfs/boltfs/boltfs.go:1448.44,1450.17 2 0
github.com/absfs/boltfs/boltfs.go:1450.17,1452.4 1 0
github.com/absfs/boltfs/boltfs.go:1453.3,1454.17 2 0
github.com/absfs/boltfs/boltfs.go:1454.17,1456.4 1 0
github.com/absfs/boltfs/boltfs.go:1457.3,1457.13 1 0
github.com/absfs/boltfs/boltfs.go:1459.2,1459.16 1 0
github.com/absfs/boltfs/boltfs.go:1459.16,1461.3 1 0
github.com/absfs/boltfs/boltfs.go:1462.2,1462.23 1 0
github.com/absfs/boltfs/boltfs.go:1462.23,1464.3 1 0
github.com/absfs/boltfs/boltfs.go:1466.2,1466.33 1 0
github.com/absfs/boltfs/boltfs.go:1470.66,1473.17 3 1
github.com/absfs/boltfs/boltfs.go:1473.17,1475.3 1 0
github.com/absfs/boltfs/boltfs.go:1477.2,1480.12 3 1
github.com/absfs/boltfs/boltfs.go:1487.63,1491.16 4 1
github.com/absfs/boltfs/boltfs.go:1491.16,1494.3 2 1
github.com/absfs/boltfs/boltfs.go:1495.2,1495.20 1 1
github.com/absfs/boltfs/boltfs.go:1495.20,1497.3 1 1
github.com/absfs/boltfs/boltfs.go:1498.2,1498.39 1 1
github.com/absfs/boltfs/boltfs.go:1506.63,1510.17 4 0
github.com/absfs/boltfs/boltfs.go:1510.17,1513.3 2 0
github.com/absfs/boltfs/boltfs.go:1514.2,1518.16 4 0
github.com/absfs/boltfs/boltfs.go:1518.16,1521.3 2 0
github.com/absfs/boltfs/boltfs.go:1522.2,1522.12 1 0
github.com/absfs/boltfs/boltfs.go:1527.61,1529.16 2 1
github.com/absfs/boltfs/boltfs.go:1529.16,1531.3 1 0
github.com/absfs/boltfs/boltfs.go:1533.2,1534.43 2 1
github.com/absfs/boltfs/boltfs.go:1534.43,1536.17 2 1
github.com/absfs/boltfs/boltfs.go:1536.17,1538.4 1 0
github.com/absfs/boltfs/boltfs.go:1539.3,1540.17 2 1
github.com/absfs/boltfs/boltfs.go:1540.17,1542.4 1 0
github.com/absfs/boltfs/boltfs.go:1543.3,1543.13 1 1
github.com/absfs/boltfs/boltfs.go:1546.2,1546.18 1 1
github.com/absfs/boltfs/boltfs.go:1551.65,1557.22 4 1
github.com/absfs/boltfs/boltfs.go:1557.22,1561.3 3 0
github.com/absfs/boltfs/boltfs.go:1563.2,1563.21 1 1
github.com/absfs/boltfs/boltfs.go:1563.21,1567.3 3 1
github.com/absfs/boltfs/boltfs.go:1569.2,1573.16 4 1
github.com/absfs/boltfs/boltfs.go:1573.16,1577.3 3 0
github.com/absfs/boltfs/boltfs.go:1579.2,1579.45 1 1
github.com/absfs/boltfs/boltfs.go:1579.45,1581.17 2 1
github.com/absfs/boltfs/boltfs.go:1581.17,1583.4 1 0
github.com/absfs/boltfs/boltfs.go:1584.3,1584.32 1 1
github.com/absfs/boltfs/boltfs.go:1593.2,1594.16 2 1
github.com/absfs/boltfs/boltfs.go:1594.16,1597.3 2 0
github.com/absfs/boltfs/boltfs.go:1598.2,1599.16 2 1
github.com/absfs/boltfs/boltfs.go:1599.16,1603.3 3 0
github.com/absfs/boltfs/boltfs.go:1605.2,1605.12 1 1
github.com/absfs/boltfs/cache.go:29.45,35.2 1 1
github.com/absfs/boltfs/cache.go:39.45,40.16 1 1
github.com/absfs/boltfs/cache.go:40.16,42.3 1 1
github.com/absfs/boltfs/cache.go:44.2,48.9 4 1
github.com/absfs/boltfs/cache.go:48.9,53.3 4 1
github.com/absfs/boltfs/cache.go:56.2,62.30 5 1
github.com/absfs/boltfs/cache.go:66.63,67.31 1 1
github.com/absfs/boltfs/cache.go:67.31,69.3 1 1
github.com/absfs/boltfs/cache.go:71.2,75.33 3 1
github.com/absfs/boltfs/cache.go:75.33,77.3 1 1
github.com/absfs/boltfs/cache.go:80.2,84.3 1 1
github.com/absfs/boltfs/cache.go:88.45,89.16 1 1
github.com/absfs/boltfs/cache.go:89.16,91.3 1 0
github.com/absfs/boltfs/cache.go:93.2,95.15 3 1
github.com/absfs/boltfs/cache.go:99.44,100.16 1 1
github.com/absfs/boltfs/cache.go:100.16,102.3 1 0
github.com/absfs/boltfs/cache.go:104.2,107.37 3 1
github.com/absfs/boltfs/cache.go:107.37,110.3 2 1
github.com/absfs/boltfs/cache.go:114.44,115.16 1 1
github.com/absfs/boltfs/cache.go:115.16,117.3 1 0
github.com/absfs/boltfs/cache.go:119.2,122.37 3 1
github.com/absfs/boltfs/cache.go:122.37,124.3 1 1
github.com/absfs/boltfs/cache.go:128.47,129.16 1 1
github.com/absfs/boltfs/cache.go:129.16,131.3 1 0
github.com/absfs/boltfs/cache.go:133.2,136.37 3 1
github.com/absfs/boltfs/cache.go:136.37,138.3 1 1
github.com/absfs/boltfs/cache.go:139.2,139.14 1 0
github.com/absfs/boltfs/cache.go:143.51,144.16 1 1
github.com/absfs/boltfs/cache.go:144.16,146.3 1 0
github.com/absfs/boltfs/cache.go:148.2,152.36 4 1
github.com/absfs/boltfs/cache.go:152.36,153.18 1 1
github.com/absfs/boltfs/cache.go:153.18,155.4 1 1
github.com/absfs/boltfs/cache.go:157.2,157.14 1 1
github.com/absfs/boltfs/cache.go:161.30,162.16 1 1
github.com/absfs/boltfs/cache.go:162.16,164.3 1 0
github.com/absfs/boltfs/cache.go:166.2,168.15 3 1
github.com/absfs/boltfs/cache.go:172.41,183.2 3 1
github.com/absfs/boltfs/cache.go:195.39,197.16 2 1
github.com/absfs/boltfs/cache.go:197.16,199.3 1 0
github.com/absfs/boltfs/cache.go:200.2,200.47 1 1
github.com/absfs/boltfs/cache.go:205.36,210.36 4 1
github.com/absfs/boltfs/cache.go:210.36,212.18 1 1
github.com/absfs/boltfs/cache.go:212.18,213.12 1 1
github.com/absfs/boltfs/cache.go:216.3,216.49 1 1
github.com/absfs/boltfs/cache.go:216.49,220.4 3 1
github.com/absfs/boltfs/cache.go:223.2,223.12 1 1
github.com/absfs/boltfs/cache.go:223.12,225.3 1 1
github.com/absfs/boltfs/cache.go:229.42,235.16 5 1
github.com/absfs/boltfs/cache.go:235.16,237.3 1 1
github.com/absfs/boltfs/cache.go:241.32,247.2 4 1
github.com/absfs/boltfs/file.go:32.30,34.2 1 1
github.com/absfs/boltfs/file.go:38.44,40.30 1 1
github.com/absfs/boltfs/file.go:40.30,42.3 1 0
github.com/absfs/boltfs/file.go:43.2,43.43 1 1
github.com/absfs/boltfs/file.go:43.43,45.3 1 0
github.com/absfs/boltfs/file.go:46.2,46.40 1 1
github.com/absfs/boltfs/file.go:46.40,48.3 1 0
github.com/absfs/boltfs/file.go:49.2,52.16 3 1
github.com/absfs/boltfs/file.go:52.16,54.3 1 0
github.com/absfs/boltfs/file.go:57.2,57.37 1 1
github.com/absfs/boltfs/file.go:57.37,60.17 3 0
github.com/absfs/boltfs/file.go:60.17,62.4 1 0
github.com/absfs/boltfs/file.go:65.2,65.25 1 1
github.com/absfs/boltfs/file.go:65.25,67.3 1 1
github.com/absfs/boltfs/file.go:69.2,72.16 3 1
github.com/absfs/boltfs/file.go:72.16,74.3 1 0
github.com/absfs/boltfs/file.go:76.2,76.15 1 1
github.com/absfs/boltfs/file.go:83.63,84.43 1 1
github.com/absfs/boltfs/file.go:84.43,86.3 1 0
github.com/absfs/boltfs/file.go:87.2,88.18 2 1
github.com/absfs/boltfs/file.go:91.45,92.43 1 1
github.com/absfs/boltfs/file.go:92.43,94.3 1 0
github.com/absfs/boltfs/file.go:96.2,98.16 3 1
github.com/absfs/boltfs/file.go:98.16,100.3 1 0
github.com/absfs/boltfs/file.go:102.2,102.22 1 1
github.com/absfs/boltfs/file.go:102.22,106.3 3 1
github.com/absfs/boltfs/file.go:108.2,113.16 5 1
github.com/absfs/boltfs/file.go:113.16,115.3 1 0
github.com/absfs/boltfs/file.go:117.2,118.16 2 1
github.com/absfs/boltfs/file.go:118.16,120.3 1 0
github.com/absfs/boltfs/file.go:122.2,122.15 1 1
github.com/absfs/boltfs/file.go:128.64,131.2 2 1
github.com/absfs/boltfs/file.go:136.30,138.16 2 1
github.com/absfs/boltfs/file.go:138.16,140.3 1 0
github.com/absfs/boltfs/file.go:142.2,143.12 2 1
github.com/absfs/boltfs/file.go:151.70,152.16 1 1
github.com/absfs/boltfs/file.go:153.20,154.20 1 1
github.com/absfs/boltfs/file.go:155.22,156.21 1 1
github.com/absfs/boltfs/file.go:157.18,158.41 1 1
github.com/absfs/boltfs/file.go:160.2,160.18 1 1
github.com/absfs/boltfs/file.go:160.18,162.3 1 0
github.com/absfs/boltfs/file.go:163.2,163.22 1 1
github.com/absfs/boltfs/file.go:168.44,170.2 1 1
github.com/absfs/boltfs/file.go:173.29,180.2 1 1
github.com/absfs/boltfs/file.go:198.54,199.43 1 1
github.com/absfs/boltfs/file.go:199.43,201.3 1 0
github.com/absfs/boltfs/file.go:202.2,202.21 1 1
github.com/absfs/boltfs/file.go:202.21,204.3 1 1
github.com/absfs/boltfs/file.go:205.2,212.12 3 1
github.com/absfs/boltfs/file.go:212.12,213.21 1 1
github.com/absfs/boltfs/file.go:213.21,215.4 1 1
github.com/absfs/boltfs/file.go:216.3,216.16 1 1
github.com/absfs/boltfs/file.go:217.8,219.21 1 0
github.com/absfs/boltfs/file.go:219.21,221.4 1 0
github.com/absfs/boltfs/file.go:222.3,222.20 1 0
github.com/absfs/boltfs/file.go:222.20,224.4 1 0
github.com/absfs/boltfs/file.go:227.2,229.56 3 1
github.com/absfs/boltfs/file.go:229.56,231.17 2 1
github.com/absfs/boltfs/file.go:231.17,233.4 1 0
github.com/absfs/boltfs/file.go:235.3,235.41 1 1
github.com/absfs/boltfs/file.go:237.2,238.19 2 1
github.com/absfs/boltfs/file.go:252.54,253.43 1 1
github.com/absfs/boltfs/file.go:253.43,255.3 1 0
github.com/absfs/boltfs/file.go:256.2,256.21 1 1
github.com/absfs/boltfs/file.go:256.21,258.3 1 0
github.com/absfs/boltfs/file.go:259.2,266.12 3 1
github.com/absfs/boltfs/file.go:266.12,267.21 1 1
github.com/absfs/boltfs/file.go:267.21,269.4 1 1
github.com/absfs/boltfs/file.go:270.3,270.16 1 1
github.com/absfs/boltfs/file.go:271.8,273.21 1 0
github.com/absfs/boltfs/file.go:273.21,275.4 1 0
github.com/absfs/boltfs/file.go:276.3,276.20 1 0
github.com/absfs/boltfs/file.go:276.20,278.4 1 0
github.com/absfs/boltfs/file.go:281.2,283.56 3 1
github.com/absfs/boltfs/file.go:283.56,285.3 1 1
github.com/absfs/boltfs/file.go:286.2,287.18 2 1
github.com/absfs/boltfs/file.go:293.43,294.43 1 0
github.com/absfs/boltfs/file.go:294.43,296.3 1 0
github.com/absfs/boltfs/file.go:297.2,298.16 2 0
github.com/absfs/boltfs/file.go:298.16,300.3 1 0
github.com/absfs/boltfs/file.go:302.2,302.28 1 0
github.com/absfs/boltfs/file.go:302.28,304.3 1 0
github.com/absfs/boltfs/file.go:304.8,308.3 3 0
github.com/absfs/boltfs/file.go:310.2,311.25 2 0
github.com/absfs/boltfs/file.go:311.25,314.17 3 0
github.com/absfs/boltfs/file.go:314.17,316.4 1 0
github.com/absfs/boltfs/file.go:319.2,319.33 1 0
github.com/absfs/boltfs/file.go:324.57,326.2 1 1
github.com/absfs/boltfs/file.go:339.54,340.43 1 1
github.com/absfs/boltfs/file.go:340.43,342.3 1 0
github.com/absfs/boltfs/file.go:343.2,343.21 1 1
github.com/absfs/boltfs/file.go:343.21,345.3 1 0
github.com/absfs/boltfs/file.go:346.2,347.34 2 1
github.com/absfs/boltfs/file.go:347.34,349.3 1 0
github.com/absfs/boltfs/file.go:352.2,353.11 2 1
github.com/absfs/boltfs/file.go:353.11,355.3 1 1
github.com/absfs/boltfs/file.go:355.8,355.26 1 0
github.com/absfs/boltfs/file.go:355.26,357.3 1 0
github.com/absfs/boltfs/file.go:359.2,361.56 3 1
github.com/absfs/boltfs/file.go:361.56,363.17 2 1
github.com/absfs/boltfs/file.go:363.17,365.4 1 0
github.com/absfs/boltfs/file.go:367.3,370.4 1 1
github.com/absfs/boltfs/file.go:372.2,373.21 2 1
github.com/absfs/boltfs/file.go:381.34,383.2 1 1
github.com/absfs/boltfs/file.go:385.33,387.2 1 1
github.com/absfs/boltfs/file.go:389.40,391.2 1 1
github.com/absfs/boltfs/file.go:393.39,395.2 1 1
github.com/absfs/boltfs/file.go:397.38,399.2 1 0
github.com/absfs/boltfs/file.go:401.33,403.2 1 1
github.com/absfs/boltfs/fstx.go:33.40,35.2 1 1
github.com/absfs/boltfs/fstx.go:38.68,40.18 2 1
github.com/absfs/boltfs/fstx.go:40.18,42.3 1 0
github.com/absfs/boltfs/fstx.go:43.2,44.19 2 1
github.com/absfs/boltfs/fstx.go:44.19,46.3 1 0
github.com/absfs/boltfs/fstx.go:47.2,48.17 2 1
github.com/absfs/boltfs/fstx.go:48.17,50.3 1 0
github.com/absfs/boltfs/fstx.go:51.2,52.21 2 1
github.com/absfs/boltfs/fstx.go:52.21,54.3 1 0
github.com/absfs/boltfs/fstx.go:55.2,61.3 1 1
github.com/absfs/boltfs/fstx.go:65.48,67.2 1 1
github.com/absfs/boltfs/fstx.go:73.38,76.61 3 1
github.com/absfs/boltfs/fstx.go:76.61,79.17 3 1
github.com/absfs/boltfs/fstx.go:79.17,81.4 1 0
github.com/absfs/boltfs/fstx.go:83.2,83.12 1 1
github.com/absfs/boltfs/fstx.go:89.55,111.29 6 1
github.com/absfs/boltfs/fstx.go:111.29,112.32 1 1
github.com/absfs/boltfs/fstx.go:112.32,113.12 1 1
github.com/absfs/boltfs/fstx.go:115.3,117.17 3 1
github.com/absfs/boltfs/fstx.go:117.17,119.4 1 0
github.com/absfs/boltfs/fstx.go:122.2,122.31 1 1
github.com/absfs/boltfs/fstx.go:122.31,124.17 2 1
github.com/absfs/boltfs/fstx.go:124.17,126.4 1 0
github.com/absfs/boltfs/fstx.go:129.2,129.12 1 1
github.com/absfs/boltfs/fstx.go:134.67,140.29 4 1
github.com/absfs/boltfs/fstx.go:140.29,141.32 1 1
github.com/absfs/boltfs/fstx.go:141.32,142.12 1 1
github.com/absfs/boltfs/fstx.go:144.3,145.15 2 1
github.com/absfs/boltfs/fstx.go:145.15,147.4 1 0
github.com/absfs/boltfs/fstx.go:149.2,149.15 1 1
github.com/absfs/boltfs/fstx.go:155.72,157.17 2 1
github.com/absfs/boltfs/fstx.go:157.17,159.3 1 1
github.com/absfs/boltfs/fstx.go:161.2,162.19 2 1
github.com/absfs/boltfs/fstx.go:169.60,171.14 2 1
github.com/absfs/boltfs/fstx.go:171.14,173.17 2 1
github.com/absfs/boltfs/fstx.go:173.17,175.4 1 0
github.com/absfs/boltfs/fstx.go:177.2,179.16 3 1
github.com/absfs/boltfs/fstx.go:179.16,181.3 1 0
github.com/absfs/boltfs/fstx.go:184.2,184.20 1 1
github.com/absfs/boltfs/fstx.go:184.20,186.3 1 1
github.com/absfs/boltfs/fstx.go:188.2,188.12 1 1
github.com/absfs/boltfs/fstx.go:193.57,194.19 1 1
github.com/absfs/boltfs/fstx.go:194.19,196.3 1 0
github.com/absfs/boltfs/fstx.go:199.2,199.20 1 1
github.com/absfs/boltfs/fstx.go:199.20,200.44 1 1
github.com/absfs/boltfs/fstx.go:200.44,202.4 1 1
github.com/absfs/boltfs/fstx.go:206.2,208.16 3 1
github.com/absfs/boltfs/fstx.go:208.16,210.3 1 0
github.com/absfs/boltfs/fstx.go:213.2,213.20 1 1
github.com/absfs/boltfs/fstx.go:213.20,215.3 1 1
github.com/absfs/boltfs/fstx.go:217.2,217.18 1 1
github.com/absfs/boltfs/fstx.go:221.52,223.17 2 1
github.com/absfs/boltfs/fstx.go:223.17,225.3 1 1
github.com/absfs/boltfs/fstx.go:226.2,226.18 1 1
github.com/absfs/boltfs/fstx.go:230.55,232.2 1 1
github.com/absfs/boltfs/fstx.go:240.59,241.14 1 1
github.com/absfs/boltfs/fstx.go:241.14,243.3 1 0
github.com/absfs/boltfs/fstx.go:244.2,244.16 1 1
github.com/absfs/boltfs/fstx.go:244.16,246.3 1 0
github.com/absfs/boltfs/fstx.go:247.2,247.47 1 1
github.com/absfs/boltfs/fstx.go:252.48,253.14 1 1
github.com/absfs/boltfs/fstx.go:253.14,255.3 1 0
github.com/absfs/boltfs/fstx.go:257.2,258.17 2 1
github.com/absfs/boltfs/fstx.go:258.17,260.3 1 1
github.com/absfs/boltfs/fstx.go:262.2,262.21 1 1
github.com/absfs/boltfs/inode.go:38.35,38.53 1 1
github.com/absfs/boltfs/inode.go:41.35,41.53 1 1
github.com/absfs/boltfs/inode.go:44.35,44.53 1 1
github.com/absfs/boltfs/inode.go:47.39,47.54 1 1
github.com/absfs/boltfs/inode.go:50.39,50.54 1 1
github.com/absfs/boltfs/inode.go:53.39,53.54 1 1
github.com/absfs/boltfs/inode.go:70.45,86.2 4 1
github.com/absfs/boltfs/inode.go:89.46,92.16 3 1
github.com/absfs/boltfs/inode.go:92.16,94.3 1 0
github.com/absfs/boltfs/inode.go:95.2,105.12 11 1
github.com/absfs/boltfs/inode.go:114.37,116.2 1 1
github.com/absfs/boltfs/inode.go:118.36,120.2 1 1
github.com/absfs/boltfs/inode.go:122.42,124.2 1 1
github.com/absfs/boltfs/inode.go:126.43,128.2 1 1
github.com/absfs/boltfs/inode.go:130.36,132.2 1 1
github.com/absfs/boltfs/inode.go:134.41,136.2 1 1
github.com/absfs/boltfs/inode.go:138.27,142.2 3 1
github.com/absfs/boltfs/inode.go:144.30,146.2 1 1
github.com/absfs/boltfs/inode.go:153.33,155.2 1 0
github.com/absfs/boltfs/inode.go:159.34,161.26 2 0
github.com/absfs/boltfs/inode.go:161.26,163.3 1 0
github.com/absfs/boltfs/inode.go:164.2,164.59 1 0
github.com/absfs/boltfs/inode.go:167.38,167.55 1 1
github.com/absfs/boltfs/inode.go:168.38,168.65 1 0
github.com/absfs/boltfs/inode.go:169.38,169.70 1 1
github.com/absfs/boltfs/inode.go:171.40,179.2 2 1
github.com/absfs/boltfs/inode.go:181.38,195.33 5 1
github.com/absfs/boltfs/inode.go:195.33,200.3 1 1
github.com/absfs/boltfs/inode.go:202.2,202.15 1 1
github.com/absfs/boltfs/inode.go:208.63,209.16 1 1
github.com/absfs/boltfs/inode.go:209.16,211.3 1 0
github.com/absfs/boltfs/inode.go:213.2,213.53 1 1
github.com/absfs/boltfs/inode.go:213.53,215.3 1 1
github.com/absfs/boltfs/inode.go:217.2,217.56 1 1
github.com/absfs/boltfs/inode.go:217.56,221.3 3 1
github.com/absfs/boltfs/inode.go:224.2,226.17 3 1
github.com/absfs/boltfs/inode.go:229.53,231.53 1 1
github.com/absfs/boltfs/inode.go:231.53,233.3 1 1
github.com/absfs/boltfs/inode.go:234.2,234.56 1 1
github.com/absfs/boltfs/inode.go:234.56,236.3 1 0
github.com/absfs/boltfs/inode.go:237.2,241.17 5 1
github.com/absfs/boltfs/inode.go:244.64,245.14 1 1
github.com/absfs/boltfs/inode.go:245.14,246.22 1 0
github.com/absfs/boltfs/inode.go:248.2,248.17 1 1
github.com/absfs/boltfs/inode.go:248.17,250.3 1 0
github.com/absfs/boltfs/inode.go:251.2,252.35 2 1
github.com/absfs/boltfs/inode.go:252.35,254.3 1 0
github.com/absfs/boltfs/inode.go:255.2,256.16 2 1
github.com/absfs/boltfs/inode.go:256.16,258.3 1 0
github.com/absfs/boltfs/inode.go:259.2,259.12 1 1
github.com/absfs/boltfs/inode.go:262.64,263.14 1 1
github.com/absfs/boltfs/inode.go:263.14,264.22 1 0
github.com/absfs/boltfs/inode.go:266.2,266.17 1 1
github.com/absfs/boltfs/inode.go:266.17,268.3 1 0
github.com/absfs/boltfs/inode.go:269.2,271.16 3 1
github.com/absfs/boltfs/inode.go:271.16,273.3 1 0
github.com/absfs/boltfs/inode.go:275.2,275.35 1 1
github.com/absfs/boltfs/inode.go:278.30,280.2 1 1
github.com/absfs/boltfs/inode.go:282.28,284.2 1 1
github.com/absfs/boltfs/inode.go:286.28,290.2 3 1
github.com/absfs/boltfs/inode.go:292.34,296.2 3 1
github.com/absfs/boltfs/inode.go:298.36,299.18 1 1
github.com/absfs/boltfs/inode.go:299.18,300.60 1 0
github.com/absfs/boltfs/inode.go:302.2,304.16 3 1
github.com/absfs/boltfs/snapshot.go:31.70,33.16 2 1
github.com/absfs/boltfs/snapshot.go:33.16,35.3 1 0
github.com/absfs/boltfs/snapshot.go:37.2,38.19 2 1
github.com/absfs/boltfs/snapshot.go:38.19,41.3 2 0
github.com/absfs/boltfs/snapshot.go:43.2,50.8 1 1
github.com/absfs/boltfs/snapshot.go:54.34,56.2 1 1
github.com/absfs/boltfs/snapshot.go:59.40,61.2 1 1
github.com/absfs/boltfs/snapshot.go:65.36,66.16 1 1
github.com/absfs/boltfs/snapshot.go:66.16,68.3 1 1
github.com/absfs/boltfs/snapshot.go:69.2,70.24 2 1
github.com/absfs/boltfs/snapshot.go:74.57,75.16 1 1
github.com/absfs/boltfs/snapshot.go:75.16,77.3 1 0
github.com/absfs/boltfs/snapshot.go:79.2,83.16 4 1
github.com/absfs/boltfs/snapshot.go:83.16,85.3 1 0
github.com/absfs/boltfs/snapshot.go:86.2,88.17 2 1
github.com/absfs/boltfs/snapshot.go:88.17,90.3 1 0
github.com/absfs/boltfs/snapshot.go:92.2,92.71 1 1
github.com/absfs/boltfs/snapshot.go:92.71,94.57 1 1
github.com/absfs/boltfs/snapshot.go:94.57,96.4 1 1
github.com/absfs/boltfs/snapshot.go:97.3,97.63 1 1
github.com/absfs/boltfs/snapshot.go:97.63,99.4 1 0
github.com/absfs/boltfs/snapshot.go:102.3,103.17 2 1
github.com/absfs/boltfs/snapshot.go:103.17,105.4 1 0
github.com/absfs/boltfs/snapshot.go:106.3,106.22 1 1
github.com/absfs/boltfs/snapshot.go:109.2,109.18 1 1
github.com/absfs/boltfs/snapshot.go:113.59,114.16 1 1
github.com/absfs/boltfs/snapshot.go:114.16,116.3 1 1
github.com/absfs/boltfs/snapshot.go:118.2,122.16 4 1
github.com/absfs/boltfs/snapshot.go:122.16,124.3 1 0
github.com/absfs/boltfs/snapshot.go:126.2,126.51 1 1
github.com/absfs/boltfs/snapshot.go:131.64,132.16 1 1
github.com/absfs/boltfs/snapshot.go:132.16,134.3 1 0
github.com/absfs/boltfs/snapshot.go:136.2,140.16 4 1
github.com/absfs/boltfs/snapshot.go:140.16,142.3 1 0
github.com/absfs/boltfs/snapshot.go:144.2,144.19 1 1
github.com/absfs/boltfs/snapshot.go:144.19,146.3 1 0
github.com/absfs/boltfs/snapshot.go:148.2,149.38 2 1
github.com/absfs/boltfs/snapshot.go:149.38,151.17 2 1
github.com/absfs/boltfs/snapshot.go:151.17,152.12 1 0
github.com/absfs/boltfs/snapshot.go:154.3,154.74 1 1
github.com/absfs/boltfs/snapshot.go:157.2,157.21 1 1
github.com/absfs/boltfs/snapshot.go:161.58,162.16 1 1
github.com/absfs/boltfs/snapshot.go:162.16,164.3 1 0
github.com/absfs/boltfs/snapshot.go:166.2,170.16 4 1
github.com/absfs/boltfs/snapshot.go:170.16,172.3 1 0
github.com/absfs/boltfs/snapshot.go:174.2,174.18 1 1
github.com/absfs/boltfs/snapshot.go:174.18,176.3 1 0
github.com/absfs/boltfs/snapshot.go:178.2,179.17 2 1
github.com/absfs/boltfs/snapshot.go:179.17,182.3 1 0
github.com/absfs/boltfs/snapshot.go:185.2,187.20 3 1
github.com/absfs/boltfs/snapshot.go:191.58,192.16 1 1
github.com/absfs/boltfs/snapshot.go:192.16,194.3 1 0
github.com/absfs/boltfs/snapshot.go:196.2,200.16 4 1
github.com/absfs/boltfs/snapshot.go:200.16,202.3 1 0
github.com/absfs/boltfs/snapshot.go:204.2,204.35 1 1
github.com/absfs/boltfs/snapshot.go:204.35,206.3 1 0
github.com/absfs/boltfs/snapshot.go:208.2,209.20 2 1
github.com/absfs/boltfs/snapshot.go:213.60,214.16 1 0
github.com/absfs/boltfs/snapshot.go:214.16,216.3 1 0
github.com/absfs/boltfs/snapshot.go:219.2,220.16 2 0
github.com/absfs/boltfs/snapshot.go:220.16,222.3 1 0
github.com/absfs/boltfs/snapshot.go:224.2,224.18 1 0
github.com/absfs/boltfs/snapshot.go:224.18,227.17 2 0
github.com/absfs/boltfs/snapshot.go:227.17,229.4 1 0
github.com/absfs/boltfs/snapshot.go:232.3,233.17 2 0
github.com/absfs/boltfs/snapshot.go:233.17,235.4 1 0
github.com/absfs/boltfs/snapshot.go:237.3,237.34 1 0
github.com/absfs/boltfs/snapshot.go:237.34,241.18 4 0
github.com/absfs/boltfs/snapshot.go:241.18,243.5 1 0
github.com/absfs/boltfs/snapshot.go:245.8,248.17 2 0
github.com/absfs/boltfs/snapshot.go:248.17,250.4 1 0
github.com/absfs/boltfs/snapshot.go:252.3,253.17 2 0
github.com/absfs/boltfs/snapshot.go:253.17,255.4 1 0
github.com/absfs/boltfs/snapshot.go:256.3,259.17 3 0
github.com/absfs/boltfs/snapshot.go:259.17,261.4 1 0
github.com/absfs/boltfs/snapshot.go:265.2,266.56 2 0
github.com/absfs/boltfs/snapshot.go:276.61,281.2 1 1
github.com/absfs/boltfs/snapshot.go:284.67,285.45 1 1
github.com/absfs/boltfs/snapshot.go:285.45,287.3 1 1
github.com/absfs/boltfs/snapshot.go:289.2,290.16 2 1
github.com/absfs/boltfs/snapshot.go:290.16,292.3 1 0
github.com/absfs/boltfs/snapshot.go:294.2,295.18 2 1
github.com/absfs/boltfs/snapshot.go:299.63,302.2 2 1
github.com/absfs/boltfs/snapshot.go:305.54,307.9 2 1
github.com/absfs/boltfs/snapshot.go:307.9,309.3 1 1
github.com/absfs/boltfs/snapshot.go:311.2,313.12 3 1
github.com/absfs/boltfs/snapshot.go:317.44,319.33 2 1
github.com/absfs/boltfs/snapshot.go:319.33,321.3 1 1
github.com/absfs/boltfs/snapshot.go:322.2,322.14 1 1
github.com/absfs/boltfs/snapshot.go:326.47,328.39 2 1
github.com/absfs/boltfs/snapshot.go:328.39,329.59 1 1
github.com/absfs/boltfs/snapshot.go:329.59,331.4 1 0
github.com/absfs/boltfs/snapshot.go:332.3,332.29 1 1
github.com/absfs/boltfs/snapshot.go:334.2,334.17 1 1
github.com/absfs/boltfs/snapshot.go:343.55,343.82 1 0
github.com/absfs/boltfs/snapshot.go:344.55,344.78 1 0
github.com/absfs/boltfs/snapshot.go:345.55,345.80 1 0
github.com/absfs/boltfs/snapshot.go:346.58,347.16 1 1
github.com/absfs/boltfs/snapshot.go:347.16,349.3 1 0
github.com/absfs/boltfs/snapshot.go:351.2,355.16 4 1
github.com/absfs/boltfs/snapshot.go:355.16,357.3 1 0
github.com/absfs/boltfs/snapshot.go:359.2,359.18 1 1
github.com/absfs/boltfs/snapshot.go:359.18,367.3 1 1
github.com/absfs/boltfs/snapshot.go:370.2,371.17 2 0
github.com/absfs/boltfs/snapshot.go:371.17,373.3 1 0
github.com/absfs/boltfs/snapshot.go:376.2,385.8 3 0
github.com/absfs/boltfs/snapshot.go:387.60,387.92 1 1
github.com/absfs/boltfs/snapshot.go:388.90,391.27 2 1
github.com/absfs/boltfs/snapshot.go:391.27,393.3 1 1
github.com/absfs/boltfs/snapshot.go:394.2,394.30 1 0
github.com/absfs/boltfs/snapshot.go:396.68,396.95 1 1
github.com/absfs/boltfs/snapshot.go:397.68,397.95 1 0
github.com/absfs/boltfs/snapshot.go:398.68,398.95 1 1
github.com/absfs/boltfs/snapshot.go:399.68,399.95 1 0
github.com/absfs/boltfs/snapshot.go:400.68,400.95 1 0
github.com/absfs/boltfs/snapshot.go:401.68,401.95 1 0
github.com/absfs/boltfs/snapshot.go:402.68,402.95 1 0
github.com/absfs/boltfs/snapshot.go:403.71,403.98 1 0
github.com/absfs/boltfs/snapshot.go:404.58,404.85 1 0
github.com/absfs/boltfs/snapshot.go:407.51,408.16 1 0
github.com/absfs/boltfs/snapshot.go:408.16,410.3 1 0
github.com/absfs/boltfs/snapshot.go:412.2,415.16 4 0
github.com/absfs/boltfs/snapshot.go:415.16,417.3 1 0
github.com/absfs/boltfs/snapshot.go:419.2,419.19 1 0
github.com/absfs/boltfs/snapshot.go:419.19,421.3 1 0
github.com/absfs/boltfs/snapshot.go:424.2,424.78 1 0
github.com/absfs/boltfs/snapshot.go:433.55,436.2 2 0
github.com/absfs/boltfs/snapshot.go:438.96,440.2 1 0
github.com/absfs/boltfs/snapshot.go:442.69,444.2 1 0
github.com/absfs/boltfs/snapshot.go:446.52,448.2 1 0
github.com/absfs/boltfs/snapshot.go:450.64,452.2 1 0
github.com/absfs/boltfs/snapshot.go:454.65,456.2 1 0
github.com/absfs/boltfs/snapshot.go:458.69,460.2 1 0
github.com/absfs/boltfs/snapshot.go:462.87,464.2 1 0
github.com/absfs/boltfs/snapshot.go:466.65,468.2 1 0
github.com/absfs/boltfs/snapshot.go:470.70,472.2 1 0
github.com/absfs/boltfs/snapshot.go:474.64,476.2 1 0
github.com/absfs/boltfs/snapshot.go:478.57,481.16 3 0
github.com/absfs/boltfs/snapshot.go:481.16,483.3 1 0
github.com/absfs/boltfs/snapshot.go:484.2,484.19 1 0
github.com/absfs/boltfs/snapshot.go:484.19,486.3 1 0
github.com/absfs/boltfs/snapshot.go:487.2,487.94 1 0
github.com/absfs/boltfs/snapshot.go:503.38,505.2 1 0
github.com/absfs/boltfs/snapshot.go:507.52,508.25 1 0
github.com/absfs/boltfs/snapshot.go:508.25,510.3 1 0
github.com/absfs/boltfs/snapshot.go:512.2,512.20 1 0
github.com/absfs/boltfs/snapshot.go:512.20,514.3 1 0
github.com/absfs/boltfs/snapshot.go:516.2,516.36 1 0
github.com/absfs/boltfs/snapshot.go:516.36,518.3 1 0
github.com/absfs/boltfs/snapshot.go:520.2,522.15 3 0
github.com/absfs/boltfs/snapshot.go:525.71,526.25 1 0
github.com/absfs/boltfs/snapshot.go:526.25,528.3 1 0
github.com/absfs/boltfs/snapshot.go:530.2,530.20 1 0
github.com/absfs/boltfs/snapshot.go:530.20,532.3 1 0
github.com/absfs/boltfs/snapshot.go:534.2,534.13 1 0
github.com/absfs/boltfs/snapshot.go:534.13,536.3 1 0
github.com/absfs/boltfs/snapshot.go:538.2,538.31 1 0
github.com/absfs/boltfs/snapshot.go:538.31,540.3 1 0
github.com/absfs/boltfs/snapshot.go:542.2,543.16 2 0
github.com/absfs/boltfs/snapshot.go:543.16,545.3 1 0
github.com/absfs/boltfs/snapshot.go:546.2,546.15 1 0
github.com/absfs/boltfs/snapshot.go:549.53,551.2 1 0
github.com/absfs/boltfs/snapshot.go:553.72,555.2 1 0
github.com/absfs/boltfs/snapshot.go:557.65,559.2 1 0
github.com/absfs/boltfs/snapshot.go:561.78,562.25 1 0
github.com/absfs/boltfs/snapshot.go:562.25,564.3 1 0
github.com/absfs/boltfs/snapshot.go:566.2,566.16 1 0
github.com/absfs/boltfs/snapshot.go:567.20,568.20 1 0
github.com/absfs/boltfs/snapshot.go:569.22,570.21 1 0
github.com/absfs/boltfs/snapshot.go:571.18,572.41 1 0
github.com/absfs/boltfs/snapshot.go:573.10,574.72 1 0
github.com/absfs/boltfs/snapshot.go:577.2,577.18 1 0
github.com/absfs/boltfs/snapshot.go:577.18,580.3 2 0
github.com/absfs/boltfs/snapshot.go:582.2,582.22 1 0
github.com/absfs/boltfs/snapshot.go:585.38,588.2 1 1
github.com/absfs/boltfs/snapshot.go:590.37,593.2 1 0
github.com/absfs/boltfs/snapshot.go:595.52,596.25 1 0
github.com/absfs/boltfs/snapshot.go:596.25,598.3 1 0
github.com/absfs/boltfs/snapshot.go:599.2,599.62 1 0
github.com/absfs/boltfs/snapshot.go:602.51,604.2 1 0
github.com/absfs/boltfs/snapshot.go:606.62,607.25 1 1
github.com/absfs/boltfs/snapshot.go:607.25,609.3 1 0
github.com/absfs/boltfs/snapshot.go:611.2,611.21 1 1
github.com/absfs/boltfs/snapshot.go:611.21,613.3 1 0
github.com/absfs/boltfs/snapshot.go:615.2,622.12 3 1
github.com/absfs/boltfs/snapshot.go:622.12,623.21 1 1
github.com/absfs/boltfs/snapshot.go:623.21,625.4 1 1
github.com/absfs/boltfs/snapshot.go:626.3,626.16 1 1
github.com/absfs/boltfs/snapshot.go:627.8,629.21 1 0
github.com/absfs/boltfs/snapshot.go:629.21,631.4 1 0
github.com/absfs/boltfs/snapshot.go:632.3,632.20 1 0
github.com/absfs/boltfs/snapshot.go:632.20,634.4 1 0
github.com/absfs/boltfs/snapshot.go:637.2,639.56 3 1
github.com/absfs/boltfs/snapshot.go:639.56,641.17 2 1
github.com/absfs/boltfs/snapshot.go:641.17,643.4 1 0
github.com/absfs/boltfs/snapshot.go:644.3,644.53 1 1
github.com/absfs/boltfs/snapshot.go:646.2,647.19 2 1
github.com/absfs/boltfs/snapshot.go:650.62,651.25 1 0
github.com/absfs/boltfs/snapshot.go:651.25,653.3 1 0
github.com/absfs/boltfs/snapshot.go:655.2,655.21 1 0
github.com/absfs/boltfs/snapshot.go:655.21,657.3 1 0
github.com/absfs/boltfs/snapshot.go:659.2,666.12 3 0
github.com/absfs/boltfs/snapshot.go:666.12,667.21 1 0
github.com/absfs/boltfs/snapshot.go:667.21,669.4 1 0
github.com/absfs/boltfs/snapshot.go:670.3,670.16 1 0
github.com/absfs/boltfs/snapshot.go:671.8,673.21 1 0
github.com/absfs/boltfs/snapshot.go:673.21,675.4 1 0
github.com/absfs/boltfs/snapshot.go:676.3,676.20 1 0
github.com/absfs/boltfs/snapshot.go:676.20,678.4 1 0
github.com/absfs/boltfs/snapshot.go:681.2,683.56 3 0
github.com/absfs/boltfs/snapshot.go:683.56,685.17 2 0
github.com/absfs/boltfs/snapshot.go:685.17,687.4 1 0
github.com/absfs/boltfs/snapshot.go:688.3,688.55 1 0
github.com/absfs/boltfs/snapshot.go:690.2,691.21 2 0
github.com/absfs/boltfs/snapshot.go:694.62,695.25 1 0
github.com/absfs/boltfs/snapshot.go:695.25,697.3 1 0
github.com/absfs/boltfs/snapshot.go:699.2,699.21 1 0
github.com/absfs/boltfs/snapshot.go:699.21,701.3 1 0
github.com/absfs/boltfs/snapshot.go:703.2,710.12 3 0
github.com/absfs/boltfs/snapshot.go:710.12,711.21 1 0
github.com/absfs/boltfs/snapshot.go:711.21,713.4 1 0
github.com/absfs/boltfs/snapshot.go:714.3,714.16 1 0
github.com/absfs/boltfs/snapshot.go:715.8,717.21 1 0
github.com/absfs/boltfs/snapshot.go:717.21,719.4 1 0
github.com/absfs/boltfs/snapshot.go:720.3,720.20 1 0
github.com/absfs/boltfs/snapshot.go:720.20,722.4 1 0
github.com/absfs/boltfs/snapshot.go:725.2,727.56 3 0
github.com/absfs/boltfs/snapshot.go:727.56,729.3 1 0
github.com/absfs/boltfs/snapshot.go:730.2,731.18 2 0
